16:18:49-app.py-app-app: Processing Signup...
16:18:53-app.py-app-app: Processing Signup...
16:18:56-app.py-app-app: Processing Signup...
16:18:56-app.py-app-app: Processing Signup...
16:18:56-app.py-app-app: Processing Signup...
16:18:56-app.py-app-app: Processing Signup...
16:18:57-app.py-app-app: Processing Signup...
16:18:58-app.py-app-app: Processing Signup...
16:19:44-app.py-app-app: Processing Signup...
16:19:45-app.py-app-app: Processing Signup...
16:19:45-app.py-app-app: Processing Signup...
16:19:45-app.py-app-app: Processing Signup...
16:19:46-app.py-app-app: Processing Signup...
16:19:46-app.py-app-app: Processing Signup...
16:19:47-app.py-app-app: Processing Signup...
16:19:47-app.py-app-app: Processing Signup...
16:19:48-app.py-app-app: Processing Signup...
16:20:21-app.py-app-app: Processing Signup...
16:46:40-app.py-app-app: Processing Index
16:48:39-app.py-app-app: Processing Signup...
16:50:07-app.py-app-app: Processing Signup...
16:50:13-app.py-app-app: Processing Signup...
16:50:17-app.py-app-app: Processing Signup...
16:50:17-app.py-app-app: Processing Signup...
16:50:17-app.py-app-app: Processing Signup...
16:50:18-app.py-app-app: Processing Signup...
16:50:45-app.py-app-app: Processing Signup...
16:53:15-app.py-app-app: Processing Signup...
16:55:22-app.py-app-app: Processing Signup...
19:37:41-app.py-app-app: Processing Login...
19:38:09-app.py-app-app: Processing Login...
19:38:50-app.py-app-app: Processing Signup...
19:40:50-app.py-app-app: Processing Login...
19:43:54-app.py-app-app: Processing Login...
19:45:13-app.py-app-app: Processing Login...
19:46:50-app.py-app-app: Processing Login...
19:47:10-app.py-app-app: Processing Login...
19:50:13-app.py-app-app: Processing Login...
19:52:06-app.py-app-app: Processing Login...
20:35:11-app.py-app-app: Processing Login...
20:36:00-app.py-app-app: Processing Login...
11:29:46-app.py-app-app: Processing Index
11:30:50-app.py-app-app: Processing Login...
11:32:07-app.py-app-app: Processing Login...
11:33:22-app.py-app-app: Processing Login...
11:35:40-app.py-app-app: Processing Index
12:18:51-app.py-app-app: Processing Signup...
12:24:52-app.py-app-app: Processing Signup...
12:40:34-app.py-app-app: Processing Signup...
12:42:58-app.py-app-app: Processing Signup...
12:43:42-app.py-app-app: Processing Signup...
13:07:25-app.py-app-app: Processing Signup...
09:07:00-app.py-app-app: Processing Signup...
09:07:16-app.py-app-app: Processing Login...
09:08:50-app.py-app-app: Processing Login...
09:09:49-app.py-app-app: Processing Login...
09:18:22-app.py-app-app: Processing Login...
09:20:33-app.py-app-app: Processing Login...
09:21:57-app.py-app-app: Processing Login...
09:23:58-app.py-app-app: Processing Logout...
09:25:14-app.py-app-app: Processing Logout...
09:26:54-app.py-app-app: Processing Logout...
09:31:26-app.py-app-app: Processing Login...
09:46:02-app.py-app-app: Processing Signup...
09:46:21-app.py-app-app: Processing Login...
09:48:03-app.py-app-app: Processing Logout...
09:51:52-app.py-app-app: Processing Login...
09:52:00-app.py-app-app: Processing Logout...
09:52:41-app.py-app-app: Processing Login...
09:52:46-app.py-app-app: Processing Logout...
09:55:48-app.py-app-app: Processing Login...
09:56:03-app.py-app-app: Processing Logout...
09:57:14-app.py-app-app: Processing Login...
09:57:21-app.py-app-app: Processing Logout...
09:58:06-app.py-app-app: Processing Login...
09:58:11-app.py-app-app: Processing Logout...
10:01:31-app.py-app-app: Processing Login...
10:01:38-app.py-app-app: Processing Logout...
10:04:35-app.py-app-app: Processing Login...
10:04:50-app.py-app-app: Processing Logout...
10:05:42-app.py-app-app: Processing Login...
10:05:46-app.py-app-app: Processing Logout...
10:07:35-app.py-app-app: Processing Login...
10:07:40-app.py-app-app: Processing Logout...
10:17:29-app.py-app-app: Processing Login...
10:17:38-app.py-app-app: Processing Find User...
10:19:23-app.py-app-app: Processing Find User...
10:25:14-app.py-app-app: Processing Find User...
10:27:34-app.py-app-app: Processing Find User...
10:33:47-app.py-app-app: Processing Find User...
10:34:57-app.py-app-app: Processing Find User...
10:35:22-app.py-app-app: Processing Find User...
10:36:02-app.py-app-app: Processing Find User...
10:37:04-app.py-app-app: Processing Find User...
10:37:57-app.py-app-app: Processing Find User...
10:38:17-app.py-app-app: Processing Find User...
10:41:32-app.py-app-app: Processing Find User...
10:43:12-app.py-app-app: Processing Find User...
10:43:27-app.py-app-app: Processing Find User...
10:43:39-app.py-app-app: Processing Find User...
10:49:12-app.py-app-app: Processing Find User...
10:59:56-app.py-app-app: Processing Find User...
11:26:26-app.py-app-app: Processing Login...
11:26:33-app.py-app-app: Processing Find User...
11:43:37-app.py-app-app: Processing Find User...
11:44:09-app.py-app-app: Processing Find User...
11:45:27-app.py-app-app: Processing Find User...
11:46:16-app.py-app-app: Processing Find User...
11:50:41-app.py-app-app: Processing Find User...
11:51:30-app.py-app-app: Processing Find User...
11:52:55-app.py-app-app: Processing Find User...
11:53:42-app.py-app-app: Processing Find User...
11:54:27-app.py-app-app: Processing Find User...
11:54:31-app.py-app-app: Processing Find User...
11:54:46-app.py-app-app: Processing Find User...
12:04:49-app.py-app-app: Processing Find User...
12:05:03-app.py-app-app: Processing Change Password...
12:07:04-app.py-app-app: Processing Change Password...
12:09:06-app.py-app-app: Processing Change Password...
12:10:29-app.py-app-app: Processing Change Password...
12:11:23-app.py-app-app: Processing Find User...
12:11:36-app.py-app-app: Processing Change Password...
12:12:30-app.py-app-app: Processing Find User...
12:12:41-app.py-app-app: Processing Change Password...
12:12:47-app.py-app-app: Processing Find User...
12:17:34-app.py-app-app: Processing Find User...
12:33:26-app.py-app-app: Processing Find User...
12:34:40-app.py-app-app: Processing Find User...
12:34:48-app.py-app-app: Processing Edit Profile...
12:35:04-app.py-app-app: Processing Find User...
12:35:37-app.py-app-app: Processing Edit Profile...
12:36:26-app.py-app-app: Processing Find User...
12:38:49-app.py-app-app: Processing Find User...
12:39:10-app.py-app-app: Processing Find User...
12:39:12-app.py-app-app: Processing Logout...
12:46:20-app.py-app-app: Processing Login...
12:46:42-app.py-app-app: Processing Logout...
12:47:40-app.py-app-app: Processing Login...
12:47:42-app.py-app-app: Processing Logout...
12:48:10-app.py-app-app: Processing Login...
12:48:12-app.py-app-app: Processing Logout...
13:31:18-app.py-app-app: Processing Login...
14:32:50-app.py-app-app: Processing Login...
14:32:56-app.py-app-app: Processing Logout...
14:33:20-app.py-app-app: Processing Login...
14:43:32-app.py-app-app: Processing Login...
14:43:37-app.py-app-app: Processing Logout...
18:26:30-app.py-app-app: Processing Login...
18:26:38-app.py-app-app: Processing Find User...
18:26:48-app.py-app-app: Processing Edit Profile...
18:27:07-app.py-app-app: Processing Change Password...
18:27:10-app.py-app-app: Processing Find User...
18:27:14-app.py-app-app: Processing Find User...
18:27:26-app.py-app-app: Processing Logout...
11:13:17-app.py-app-app: Processing Index
11:14:09-app.py-app-app: Processing Index
11:14:26-app.py-app-app: Processing Index
11:15:55-app.py-app-app: Processing Index
11:16:26-app.py-app-app: Processing Index
11:17:09-app.py-app-app: Processing Index
11:17:20-app.py-app-app: Processing Index
11:17:23-app.py-app-app: Processing Index
11:19:10-app.py-app-app: Processing Index
11:19:41-app.py-app-app: Processing Index
11:19:53-app.py-app-app: Processing Index
11:20:23-app.py-app-app: Processing Index
11:20:39-app.py-app-app: Processing Index
11:21:08-app.py-app-app: Processing Index
11:21:37-app.py-app-app: Processing Index
11:21:51-app.py-app-app: Processing Index
11:22:36-app.py-app-app: Processing Index
11:24:29-app.py-app-app: Processing Index
12:06:49-app.py-app-app: Processing Index
12:07:11-app.py-app-app: Processing Index
12:07:31-app.py-app-app: Processing Index
12:07:54-app.py-app-app: Processing Index
12:08:07-app.py-app-app: Processing Index
12:14:27-app.py-app-app: Processing Index
12:14:45-app.py-app-app: Processing Login...
12:15:10-app.py-app-app: Processing Login...
12:15:18-app.py-app-app: Processing Login...
12:15:23-app.py-app-app: Processing Login...
18:51:47-app.py-app-app: Processing Login...
21:12:48-app.py-app-app: Processing Login...
01:21:47-app.py-app-app: Processing Index
01:30:11-app.py-app-app: Booking an Appointment
01:32:58-app.py-app-app: Booking an Appointment
01:34:11-app.py-app-app: Booking an Appointment
01:35:11-app.py-app-app: Booking an Appointment
01:36:39-app.py-app-app: Booking an Appointment
13:30:25-_internal.py-_internal-werkzeug:  * Restarting with stat
13:30:25-_internal.py-_internal-werkzeug:  * Debugger is active!
13:30:25-_internal.py-_internal-werkzeug:  * Debugger PIN: 183-611-519
13:30:25-_internal.py-_internal-werkzeug:  * Running on http://0.0.0.0:5000/ (Press CTRL+C to quit)
14:09:19-_internal.py-_internal-werkzeug: 127.0.0.1 - - [25/Jul/2020 14:09:19] "[37mOPTIONS /appointment/book HTTP/1.1[0m" 200 -
14:09:23-app.py-app-app: Booking an Appointment
14:09:23-_internal.py-_internal-werkzeug: 127.0.0.1 - - [25/Jul/2020 14:09:23] "[37mPOST /appointment/book HTTP/1.1[0m" 200 -
14:11:30-_internal.py-_internal-werkzeug: 127.0.0.1 - - [25/Jul/2020 14:11:30] "[37mOPTIONS /appointment/book HTTP/1.1[0m" 200 -
14:11:30-app.py-app-app: Booking an Appointment
14:11:30-_internal.py-_internal-werkzeug: 127.0.0.1 - - [25/Jul/2020 14:11:30] "[37mPOST /appointment/book HTTP/1.1[0m" 200 -
14:15:54-_internal.py-_internal-werkzeug: 127.0.0.1 - - [25/Jul/2020 14:15:54] "[37mOPTIONS /appointment/book HTTP/1.1[0m" 200 -
14:15:54-app.py-app-app: Booking an Appointment
14:15:54-_internal.py-_internal-werkzeug: 127.0.0.1 - - [25/Jul/2020 14:15:54] "[37mPOST /appointment/book HTTP/1.1[0m" 200 -
14:20:07-_internal.py-_internal-werkzeug: 127.0.0.1 - - [25/Jul/2020 14:20:07] "[37mOPTIONS /appointment/book HTTP/1.1[0m" 200 -
14:20:07-app.py-app-app: Booking an Appointment
14:20:07-_internal.py-_internal-werkzeug: 127.0.0.1 - - [25/Jul/2020 14:20:07] "[37mPOST /appointment/book HTTP/1.1[0m" 200 -
14:21:16-_internal.py-_internal-werkzeug: 127.0.0.1 - - [25/Jul/2020 14:21:16] "[37mOPTIONS /appointment/book HTTP/1.1[0m" 200 -
14:21:16-app.py-app-app: Booking an Appointment
14:21:16-_internal.py-_internal-werkzeug: 127.0.0.1 - - [25/Jul/2020 14:21:16] "[37mPOST /appointment/book HTTP/1.1[0m" 200 -
14:23:25-_internal.py-_internal-werkzeug: 127.0.0.1 - - [25/Jul/2020 14:23:25] "[37mOPTIONS /appointment/book HTTP/1.1[0m" 200 -
14:23:25-app.py-app-app: Booking an Appointment
14:23:25-_internal.py-_internal-werkzeug: 127.0.0.1 - - [25/Jul/2020 14:23:25] "[37mPOST /appointment/book HTTP/1.1[0m" 200 -
14:59:47-_internal.py-_internal-werkzeug: 127.0.0.1 - - [25/Jul/2020 14:59:47] "[37mOPTIONS /appointment/book HTTP/1.1[0m" 200 -
14:59:47-app.py-app-app: Booking an Appointment
14:59:47-_internal.py-_internal-werkzeug: 127.0.0.1 - - [25/Jul/2020 14:59:47] "[37mPOST /appointment/book HTTP/1.1[0m" 200 -
15:00:21-_internal.py-_internal-werkzeug:  * Detected change in 'C:\\SEM3\\WEB\\PROJECT\\A4\\rentalvista-backend\\app.py', reloading
15:00:21-_internal.py-_internal-werkzeug:  * Restarting with stat
15:00:22-_internal.py-_internal-werkzeug:  * Debugger is active!
15:00:22-_internal.py-_internal-werkzeug:  * Debugger PIN: 183-611-519
15:00:22-_internal.py-_internal-werkzeug:  * Running on http://0.0.0.0:5000/ (Press CTRL+C to quit)
15:18:19-_internal.py-_internal-werkzeug:  * Detected change in 'C:\\SEM3\\WEB\\PROJECT\\A4\\rentalvista-backend\\app.py', reloading
15:18:19-_internal.py-_internal-werkzeug:  * Restarting with stat
15:23:08-_internal.py-_internal-werkzeug:  * Restarting with stat
15:44:38-_internal.py-_internal-werkzeug:  * Restarting with stat
15:44:39-_internal.py-_internal-werkzeug:  * Debugger is active!
15:44:39-_internal.py-_internal-werkzeug:  * Debugger PIN: 183-611-519
15:44:39-_internal.py-_internal-werkzeug:  * Running on http://0.0.0.0:5000/ (Press CTRL+C to quit)
15:45:11-_internal.py-_internal-werkzeug: 127.0.0.1 - - [25/Jul/2020 15:45:11] "[37mOPTIONS /appointment/book HTTP/1.1[0m" 200 -
15:45:11-app.py-app-app: Booking an Appointment
15:45:11-_internal.py-_internal-werkzeug: 127.0.0.1 - - [25/Jul/2020 15:45:11] "[37mPOST /appointment/book HTTP/1.1[0m" 200 -
15:45:32-_internal.py-_internal-werkzeug:  * Detected change in 'C:\\SEM3\\WEB\\PROJECT\\A4\\rentalvista-backend\\app.py', reloading
15:45:33-_internal.py-_internal-werkzeug:  * Restarting with stat
15:45:34-_internal.py-_internal-werkzeug:  * Debugger is active!
15:45:34-_internal.py-_internal-werkzeug:  * Debugger PIN: 183-611-519
15:45:34-_internal.py-_internal-werkzeug:  * Running on http://0.0.0.0:5000/ (Press CTRL+C to quit)
15:45:39-_internal.py-_internal-werkzeug:  * Detected change in 'C:\\SEM3\\WEB\\PROJECT\\A4\\rentalvista-backend\\services\\appointment.py', reloading
15:45:39-_internal.py-_internal-werkzeug:  * Restarting with stat
15:45:41-_internal.py-_internal-werkzeug:  * Debugger is active!
15:45:41-_internal.py-_internal-werkzeug:  * Debugger PIN: 183-611-519
15:45:41-_internal.py-_internal-werkzeug:  * Running on http://0.0.0.0:5000/ (Press CTRL+C to quit)
15:45:48-_internal.py-_internal-werkzeug:  * Detected change in 'C:\\SEM3\\WEB\\PROJECT\\A4\\rentalvista-backend\\services\\appointment.py', reloading
15:45:49-_internal.py-_internal-werkzeug:  * Restarting with stat
15:51:30-_internal.py-_internal-werkzeug:  * Restarting with stat
15:51:31-_internal.py-_internal-werkzeug:  * Debugger is active!
15:51:31-_internal.py-_internal-werkzeug:  * Debugger PIN: 183-611-519
15:51:32-_internal.py-_internal-werkzeug:  * Running on http://0.0.0.0:5000/ (Press CTRL+C to quit)
15:51:53-_internal.py-_internal-werkzeug:  * Detected change in 'C:\\SEM3\\WEB\\PROJECT\\A4\\rentalvista-backend\\services\\appointment.py', reloading
