16:18:49 INFO app Thread-4 : Processing Signup...
16:18:53 INFO app Thread-5 : Processing Signup...
16:18:56 INFO app Thread-7 : Processing Signup...
16:18:56 INFO app Thread-8 : Processing Signup...
16:18:56 INFO app Thread-9 : Processing Signup...
16:18:56 INFO app Thread-10 : Processing Signup...
16:18:57 INFO app Thread-11 : Processing Signup...
16:18:58 INFO app Thread-12 : Processing Signup...
16:19:44 INFO app Thread-14 : Processing Signup...
16:19:45 INFO app Thread-15 : Processing Signup...
16:19:45 INFO app Thread-16 : Processing Signup...
16:19:45 INFO app Thread-17 : Processing Signup...
16:19:46 INFO app Thread-18 : Processing Signup...
16:19:46 INFO app Thread-19 : Processing Signup...
16:19:47 INFO app Thread-20 : Processing Signup...
16:19:47 INFO app Thread-21 : Processing Signup...
16:19:48 INFO app Thread-22 : Processing Signup...
16:20:21 INFO app Thread-23 : Processing Signup...
16:46:40 INFO app Thread-4 : Processing Index
16:48:39 INFO app Thread-7 : Processing Signup...
16:50:07 INFO app Thread-10 : Processing Signup...
16:50:13 INFO app Thread-12 : Processing Signup...
16:50:17 INFO app Thread-13 : Processing Signup...
16:50:17 INFO app Thread-14 : Processing Signup...
16:50:17 INFO app Thread-15 : Processing Signup...
16:50:18 INFO app Thread-16 : Processing Signup...
16:50:45 INFO app Thread-22 : Processing Signup...
16:53:15 INFO app Thread-4 : Processing Signup...
16:55:22 INFO app Thread-3 : Processing Signup...
19:37:41 INFO app Thread-4 : Processing Login...
19:38:09 INFO app Thread-6 : Processing Login...
19:38:50 INFO app Thread-8 : Processing Signup...
19:40:50 INFO app Thread-10 : Processing Login...
19:43:54 INFO app Thread-4 : Processing Login...
19:45:13 INFO app Thread-4 : Processing Login...
19:46:50 INFO app Thread-4 : Processing Login...
19:47:10 INFO app Thread-6 : Processing Login...
19:50:13 INFO app Thread-4 : Processing Login...
19:52:06 INFO app Thread-6 : Processing Login...
20:35:11 INFO app Thread-8 : Processing Login...
20:36:00 INFO app Thread-10 : Processing Login...
11:29:46 INFO app Thread-3 : Processing Index
11:30:50 INFO app Thread-5 : Processing Login...
11:32:07 INFO app Thread-3 : Processing Login...
11:33:22 INFO app Thread-3 : Processing Login...
11:35:40 INFO app Thread-4 : Processing Index
12:18:51 INFO app Thread-4 : Processing Signup...
12:24:52 INFO app Thread-4 : Processing Signup...
12:40:34 INFO app Thread-4 : Processing Signup...
12:42:58 INFO app Thread-6 : Processing Signup...
12:43:42 INFO app Thread-8 : Processing Signup...
13:07:25 INFO app Thread-5 : Processing Signup...
09:07:00 INFO app Thread-4 : Processing Signup...
09:07:16 INFO app Thread-6 : Processing Login...
09:08:50 INFO app Thread-4 : Processing Login...
09:09:49 INFO app Thread-4 : Processing Login...
09:18:22 INFO app Thread-4 : Processing Login...
09:20:33 INFO app Thread-4 : Processing Login...
09:21:57 INFO app Thread-4 : Processing Login...
09:23:58 INFO app Thread-4 : Processing Logout...
09:25:14 INFO app Thread-4 : Processing Logout...
09:26:54 INFO app Thread-4 : Processing Logout...
09:31:26 INFO app Thread-4 : Processing Login...
09:46:02 INFO app Thread-4 : Processing Signup...
09:46:21 INFO app Thread-6 : Processing Login...
09:48:03 INFO app Thread-8 : Processing Logout...
09:51:52 INFO app Thread-10 : Processing Login...
09:52:00 INFO app Thread-12 : Processing Logout...
09:52:41 INFO app Thread-14 : Processing Login...
09:52:46 INFO app Thread-16 : Processing Logout...
09:55:48 INFO app Thread-8 : Processing Login...
09:56:03 INFO app Thread-10 : Processing Logout...
09:57:14 INFO app Thread-4 : Processing Login...
09:57:21 INFO app Thread-6 : Processing Logout...
09:58:06 INFO app Thread-4 : Processing Login...
09:58:11 INFO app Thread-6 : Processing Logout...
10:01:31 INFO app Thread-4 : Processing Login...
10:01:38 INFO app Thread-6 : Processing Logout...
10:04:35 INFO app Thread-4 : Processing Login...
10:04:50 INFO app Thread-6 : Processing Logout...
10:05:42 INFO app Thread-4 : Processing Login...
10:05:46 INFO app Thread-6 : Processing Logout...
10:07:35 INFO app Thread-4 : Processing Login...
10:07:40 INFO app Thread-6 : Processing Logout...
10:17:29 INFO app Thread-4 : Processing Login...
10:17:38 INFO app Thread-6 : Processing Find User...
10:19:23 INFO app Thread-8 : Processing Find User...
10:25:14 INFO app Thread-10 : Processing Find User...
10:27:34 INFO app Thread-12 : Processing Find User...
10:33:47 INFO app Thread-14 : Processing Find User...
10:34:57 INFO app Thread-16 : Processing Find User...
10:35:22 INFO app Thread-18 : Processing Find User...
10:36:02 INFO app Thread-20 : Processing Find User...
10:37:04 INFO app Thread-22 : Processing Find User...
10:37:57 INFO app Thread-24 : Processing Find User...
10:38:17 INFO app Thread-26 : Processing Find User...
10:41:32 INFO app Thread-28 : Processing Find User...
10:43:12 INFO app Thread-30 : Processing Find User...
10:43:27 INFO app Thread-32 : Processing Find User...
10:43:39 INFO app Thread-34 : Processing Find User...
10:49:12 INFO app Thread-36 : Processing Find User...
10:59:56 INFO app Thread-38 : Processing Find User...
11:26:26 INFO app Thread-48 : Processing Login...
11:26:33 INFO app Thread-50 : Processing Find User...
11:43:37 INFO app Thread-52 : Processing Find User...
11:44:09 INFO app Thread-54 : Processing Find User...
11:45:27 INFO app Thread-56 : Processing Find User...
11:46:16 INFO app Thread-58 : Processing Find User...
11:50:41 INFO app Thread-60 : Processing Find User...
11:51:30 INFO app Thread-62 : Processing Find User...
11:52:55 INFO app Thread-64 : Processing Find User...
11:53:42 INFO app Thread-66 : Processing Find User...
11:54:27 INFO app Thread-68 : Processing Find User...
11:54:31 INFO app Thread-69 : Processing Find User...
11:54:46 INFO app Thread-71 : Processing Find User...
12:04:49 INFO app Thread-73 : Processing Find User...
12:05:03 INFO app Thread-75 : Processing Change Password...
12:07:04 INFO app Thread-4 : Processing Change Password...
12:09:06 INFO app Thread-4 : Processing Change Password...
12:10:29 INFO app Thread-4 : Processing Change Password...
12:11:23 INFO app Thread-6 : Processing Find User...
12:11:36 INFO app Thread-8 : Processing Change Password...
12:12:30 INFO app Thread-10 : Processing Find User...
12:12:41 INFO app Thread-12 : Processing Change Password...
12:12:47 INFO app Thread-14 : Processing Find User...
12:17:34 INFO app Thread-18 : Processing Find User...
12:33:26 INFO app Thread-20 : Processing Find User...
12:34:40 INFO app Thread-22 : Processing Find User...
12:34:48 INFO app Thread-24 : Processing Edit Profile...
12:35:04 INFO app Thread-26 : Processing Find User...
12:35:37 INFO app Thread-28 : Processing Edit Profile...
12:36:26 INFO app Thread-30 : Processing Find User...
12:38:49 INFO app Thread-32 : Processing Find User...
12:39:10 INFO app Thread-34 : Processing Find User...
12:39:12 INFO app Thread-36 : Processing Logout...
12:46:20 INFO app Thread-40 : Processing Login...
12:46:42 INFO app Thread-42 : Processing Logout...
12:47:40 INFO app Thread-44 : Processing Login...
12:47:42 INFO app Thread-46 : Processing Logout...
12:48:10 INFO app Thread-48 : Processing Login...
12:48:12 INFO app Thread-50 : Processing Logout...
13:31:18 INFO app Thread-52 : Processing Login...
14:32:50 INFO app Thread-4 : Processing Login...
14:32:56 INFO app Thread-6 : Processing Logout...
14:33:20 INFO app Thread-8 : Processing Login...
14:43:32 INFO app Thread-10 : Processing Login...
14:43:37 INFO app Thread-12 : Processing Logout...
18:26:30 INFO app Thread-4 : Processing Login...
18:26:38 INFO app Thread-7 : Processing Find User...
18:26:48 INFO app Thread-9 : Processing Edit Profile...
18:27:07 INFO app Thread-11 : Processing Change Password...
18:27:10 INFO app Thread-13 : Processing Find User...
18:27:14 INFO app Thread-14 : Processing Find User...
18:27:26 INFO app Thread-16 : Processing Logout...
11:13:17 INFO app Thread-3 : Processing Index
11:14:09 INFO app Thread-3 : Processing Index
11:14:26 INFO app Thread-3 : Processing Index
11:15:55 INFO app Thread-3 : Processing Index
11:16:26 INFO app Thread-3 : Processing Index
11:17:09 INFO app Thread-3 : Processing Index
11:17:20 INFO app Thread-3 : Processing Index
11:17:23 INFO app Thread-4 : Processing Index
11:19:10 INFO app Thread-3 : Processing Index
11:19:41 INFO app Thread-3 : Processing Index
11:19:53 INFO app Thread-3 : Processing Index
11:20:23 INFO app Thread-3 : Processing Index
11:20:39 INFO app Thread-3 : Processing Index
11:21:08 INFO app Thread-3 : Processing Index
11:21:37 INFO app Thread-4 : Processing Index
11:21:51 INFO app Thread-3 : Processing Index
11:22:36 INFO app Thread-3 : Processing Index
11:24:29 INFO app Thread-3 : Processing Index
12:06:49 INFO app Thread-3 : Processing Index
12:07:11 INFO app Thread-3 : Processing Index
12:07:31 INFO app Thread-3 : Processing Index
12:07:54 INFO app Thread-3 : Processing Index
12:08:07 INFO app Thread-3 : Processing Index
12:14:27 INFO app Thread-4 : Processing Index
12:14:45 INFO app Thread-5 : Processing Login...
12:15:10 INFO app Thread-3 : Processing Login...
12:15:18 INFO app Thread-4 : Processing Login...
12:15:23 INFO app Thread-5 : Processing Login...
18:51:47 INFO app Thread-3 : Processing Login...
21:12:48 INFO app Thread-3 : Processing Login...
10:15:59 INFO app Thread-4 : Processing Forgot Password...
10:17:26 INFO app Thread-6 : Processing Forgot Password...
10:24:12 INFO app Thread-8 : Processing Forgot Password...
10:26:09 INFO app Thread-10 : Processing Forgot Password...
10:27:27 INFO app Thread-12 : Processing Forgot Password...
10:28:42 INFO app Thread-14 : Processing Login...
10:31:35 INFO app Thread-16 : Processing Login...
10:33:17 INFO app Thread-18 : Processing Login...
10:33:32 INFO app Thread-20 : Processing Login...
10:33:54 INFO app Thread-22 : Processing Login...
10:34:15 INFO app Thread-24 : Processing Login...
10:37:59 INFO app Thread-26 : Processing Login...
10:39:02 INFO app Thread-28 : Processing Login...
10:39:31 INFO app Thread-30 : Processing Find User...
10:40:20 INFO app Thread-32 : Processing Find User...
10:40:25 INFO app Thread-34 : Processing Find User...
10:40:35 INFO app Thread-36 : Processing Find User...
10:40:44 INFO app Thread-38 : Processing Find User...
10:40:52 INFO app Thread-40 : Processing Find User...
10:41:02 INFO app Thread-42 : Processing Find User...
10:41:08 INFO app Thread-44 : Processing Find User...
10:42:43 INFO app Thread-46 : Processing Find User...
10:42:48 INFO app Thread-48 : Processing Find User...
10:43:23 INFO app Thread-50 : Processing Login...
10:43:47 INFO app Thread-52 : Processing Find User...
10:44:33 INFO app Thread-54 : Processing Find User...
10:45:03 INFO app Thread-56 : Processing Login...
10:45:38 INFO app Thread-58 : Processing Logout...
10:45:45 INFO app Thread-60 : Processing Login...
10:45:52 INFO app Thread-62 : Processing Login...
10:45:58 INFO app Thread-64 : Processing Login...
10:46:31 INFO app Thread-66 : Processing Login...
10:47:17 INFO app Thread-68 : Processing Login...
10:47:57 INFO app Thread-70 : Processing Login...
10:48:03 INFO app Thread-72 : Processing Find User...
10:48:27 INFO app Thread-76 : Processing Find User...
10:50:17 INFO app Thread-6 : Processing Find User...
10:52:55 INFO app Thread-4 : Processing Login...
10:53:14 INFO app Thread-6 : Processing Find User...
10:54:23 INFO app Thread-10 : Processing Find User...
10:54:31 INFO app Thread-12 : Processing Edit Profile...
10:54:49 INFO app Thread-14 : Processing Find User...
10:55:19 INFO app Thread-16 : Processing Edit Profile...
10:58:19 INFO app Thread-18 : Processing Login...
10:58:24 INFO app Thread-20 : Processing Find User...
10:58:54 INFO app Thread-23 : Processing Find User...
11:03:25 INFO app Thread-26 : Processing Find User...
11:04:06 INFO app Thread-28 : Processing Find User...
11:04:12 INFO app Thread-30 : Processing Edit Profile...
11:04:53 INFO app Thread-32 : Processing Login...
11:04:59 INFO app Thread-34 : Processing Find User...
11:05:05 INFO app Thread-36 : Processing Edit Profile...
11:05:59 INFO app Thread-38 : Processing Edit Profile...
11:06:38 INFO app Thread-40 : Processing Find User...
11:06:41 INFO app Thread-42 : Processing Edit Profile...
11:06:49 INFO app Thread-44 : Processing Find User...
11:08:01 INFO app Thread-46 : Processing Change Password...
11:08:32 INFO app Thread-48 : Processing Change Password...
11:09:08 INFO app Thread-50 : Processing Login...
11:09:13 INFO app Thread-52 : Processing Find User...
11:09:55 INFO app Thread-54 : Processing Change Password...
11:12:56 INFO app Thread-56 : Processing Find User...
11:13:45 INFO app Thread-58 : Processing Login...
11:13:51 INFO app Thread-60 : Processing Find User...
11:14:15 INFO app Thread-62 : Processing Find User...
11:14:27 INFO app Thread-64 : Processing Change Password...
11:14:43 INFO app Thread-66 : Processing Change Password...
11:14:53 INFO app Thread-68 : Processing Find User...
11:15:11 INFO app Thread-70 : Processing Find User...
11:15:14 INFO app Thread-72 : Processing Logout...
11:15:59 INFO app Thread-74 : Processing Login...
13:26:56 INFO app Thread-4 : Start Login
13:26:56 INFO app Thread-4 : Start Credentials Verification
13:26:58 INFO app Thread-4 : End Credentials Verification
13:26:58 INFO app Thread-4 : End Login
13:27:02 INFO app Thread-6 : Authenticating User
13:27:02 INFO app Thread-6 : Start Logout
13:27:02 INFO app Thread-6 : Start Logout Inner
13:27:02 INFO app Thread-6 : End Logout Inner
13:27:02 INFO app Thread-6 : End Logout
15:58:41 INFO app Thread-6 : Authenticating User
15:58:41 INFO app Thread-6 : Exception Occurred in Token Validation
16:18:26 INFO werkzeug Thread-3 :  * Detected change in 'C:\\Users\\harsh\\anaconda3\\Lib\\email\\mime\\__pycache__\\nonmultipart.cpython-37.pyc', reloading
16:53:06 INFO app Thread-8 : Getting comments
17:17:21 INFO app Thread-7 : Getting comments
17:17:55 INFO app Thread-8 : Posting comment
17:18:42 INFO werkzeug Thread-3 :  * Detected change in 'C:\\Users\\harsh\\anaconda3\\Lib\\site-packages\\pymongo\\__pycache__\\network.cpython-37.pyc', reloading
17:19:58 INFO app Thread-6 : Posting comment
17:21:03 INFO app Thread-6 : Posting comment
18:38:30 INFO app Thread-7 : Editing comments
18:39:15 INFO werkzeug Thread-3 :  * Detected change in 'D:\\Term 3\\Web\\Group5_RentalVista_Backend-develop\\services\\__pycache__\\users.cpython-37.pyc', reloading
18:51:13 INFO app Thread-6 : Editing comments
18:51:58 INFO app Thread-6 : Editing comments
18:52:14 INFO app Thread-7 : Editing comments
18:52:30 INFO app Thread-8 : Editing comments
19:05:48 INFO app Thread-6 : Deleting comments
19:07:34 INFO app Thread-7 : Editing comments
19:08:36 INFO app Thread-8 : Deleting comments
19:38:06 INFO werkzeug Thread-3 :  * Detected change in 'D:\\Term 3\\Web\\Group5_RentalVista_Backend-develop\\Group5_RentalVista_Backend\\env\\Lib\\site-packages\\click\\_unicodefun.py', reloading
